# JRE version: OpenJDK Runtime Environment (20.0.1+9) (build 20.0.1+9-29)
# Java VM: OpenJDK 64-Bit Server VM (20.0.1+9-29, mixed mode, sharing, tiered, compressed oops, compressed class ptrs, g1 gc, windows-amd64)
GC Precious Log:
 CardTable entry size: 512
 Card Set container configuration: InlinePtr #cards 4 size 8 Array Of Cards #cards 16 size 48 Howl #buckets 8 coarsen threshold 3686 Howl Bitmap #cards 512 size 80 coarsen threshold 460 Card regions per heap region 1 cards per card region 4096
 CPUs: 12 total, 12 available
 Memory: 14020M
 Large Page Support: Disabled
 NUMA Support: Disabled
 Compressed Oops: Enabled (Zero based)
 Heap Region Size: 2M
 Heap Min Capacity: 8M
 Heap Initial Capacity: 220M
 Heap Max Capacity: 3506M
 Pre-touch: Disabled
 Parallel Workers: 10
 Concurrent Workers: 3
 Concurrent Refinement Workers: 10
 Periodic GC: Disabled
Heap:
 garbage-first heap   total 90112K, used 40689K [0x0000000724e00000, 0x0000000800000000)
  region size 2048K, 5 young (10240K), 2 survivors (4096K)
 Metaspace       used 79149K, committed 79936K, reserved 1179648K
  class space    used 10336K, committed 10688K, reserved 1048576K
GC Heap History (20 events):
Event: 5.016 GC heap before
{Heap before GC invocations=12 (full 0):
 garbage-first heap   total 73728K, used 63184K [0x0000000724e00000, 0x0000000800000000)
  region size 2048K, 21 young (43008K), 2 survivors (4096K)
 Metaspace       used 60961K, committed 61504K, reserved 1114112K
  class space    used 8266K, committed 8512K, reserved 1048576K
}
Event: 5.019 GC heap after
{Heap after GC invocations=13 (full 0):
 garbage-first heap   total 73728K, used 26607K [0x0000000724e00000, 0x0000000800000000)
  region size 2048K, 3 young (6144K), 3 survivors (6144K)
 Metaspace       used 60961K, committed 61504K, reserved 1114112K
  class space    used 8266K, committed 8512K, reserved 1048576K
}
Event: 5.214 GC heap before
{Heap before GC invocations=13 (full 0):
 garbage-first heap   total 73728K, used 59375K [0x0000000724e00000, 0x0000000800000000)
  region size 2048K, 19 young (38912K), 3 survivors (6144K)
 Metaspace       used 62635K, committed 63168K, reserved 1114112K
  class space    used 8608K, committed 8832K, reserved 1048576K
}
Event: 5.217 GC heap after
{Heap after GC invocations=14 (full 0):
 garbage-first heap   total 90112K, used 28827K [0x0000000724e00000, 0x0000000800000000)
  region size 2048K, 3 young (6144K), 3 survivors (6144K)
 Metaspace       used 62635K, committed 63168K, reserved 1114112K
  class space    used 8608K, committed 8832K, reserved 1048576K
}
Event: 5.349 GC heap before
{Heap before GC invocations=14 (full 0):
 garbage-first heap   total 90112K, used 75931K [0x0000000724e00000, 0x0000000800000000)
  region size 2048K, 26 young (53248K), 3 survivors (6144K)
 Metaspace       used 62656K, committed 63168K, reserved 1114112K
  class space    used 8608K, committed 8832K, reserved 1048576K
}
Event: 5.351 GC heap after
{Heap after GC invocations=15 (full 0):
 garbage-first heap   total 90112K, used 29233K [0x0000000724e00000, 0x0000000800000000)
  region size 2048K, 3 young (6144K), 3 survivors (6144K)
 Metaspace       used 62656K, committed 63168K, reserved 1114112K
  class space    used 8608K, committed 8832K, reserved 1048576K
}
Event: 5.554 GC heap before
{Heap before GC invocations=15 (full 0):
 garbage-first heap   total 90112K, used 76337K [0x0000000724e00000, 0x0000000800000000)
  region size 2048K, 26 young (53248K), 3 survivors (6144K)
 Metaspace       used 64812K, committed 65408K, reserved 1114112K
  class space    used 8969K, committed 9216K, reserved 1048576K
}
Event: 5.557 GC heap after
{Heap after GC invocations=16 (full 0):
 garbage-first heap   total 90112K, used 30821K [0x0000000724e00000, 0x0000000800000000)
  region size 2048K, 3 young (6144K), 3 survivors (6144K)
 Metaspace       used 64812K, committed 65408K, reserved 1114112K
  class space    used 8969K, committed 9216K, reserved 1048576K
}
Event: 9.248 GC heap before
{Heap before GC invocations=16 (full 0):
 garbage-first heap   total 90112K, used 75877K [0x0000000724e00000, 0x0000000800000000)
  region size 2048K, 25 young (51200K), 3 survivors (6144K)
 Metaspace       used 71011K, committed 71616K, reserved 1114112K
  class space    used 9776K, committed 10048K, reserved 1048576K
}
Event: 9.252 GC heap after
{Heap after GC invocations=17 (full 0):
 garbage-first heap   total 90112K, used 34151K [0x0000000724e00000, 0x0000000800000000)
  region size 2048K, 3 young (6144K), 3 survivors (6144K)
 Metaspace       used 71011K, committed 71616K, reserved 1114112K
  class space    used 9776K, committed 10048K, reserved 1048576K
}
Event: 7122.277 GC heap before
{Heap before GC invocations=17 (full 0):
 garbage-first heap   total 90112K, used 75111K [0x0000000724e00000, 0x0000000800000000)
  region size 2048K, 24 young (49152K), 3 survivors (6144K)
 Metaspace       used 75543K, committed 76352K, reserved 1179648K
  class space    used 10250K, committed 10624K, reserved 1048576K
}
Event: 7122.297 GC heap after
{Heap after GC invocations=18 (full 0):
 garbage-first heap   total 90112K, used 36695K [0x0000000724e00000, 0x0000000800000000)
  region size 2048K, 2 young (4096K), 2 survivors (4096K)
 Metaspace       used 75543K, committed 76352K, reserved 1179648K
  class space    used 10250K, committed 10624K, reserved 1048576K
}
Event: 19853.025 GC heap before
{Heap before GC invocations=18 (full 0):
 garbage-first heap   total 90112K, used 77655K [0x0000000724e00000, 0x0000000800000000)
  region size 2048K, 22 young (45056K), 2 survivors (4096K)
 Metaspace       used 76878K, committed 77696K, reserved 1179648K
  class space    used 10297K, committed 10688K, reserved 1048576K
}
Event: 19853.037 GC heap after
{Heap after GC invocations=19 (full 0):
 garbage-first heap   total 90112K, used 36645K [0x0000000724e00000, 0x0000000800000000)
  region size 2048K, 2 young (4096K), 2 survivors (4096K)
 Metaspace       used 76878K, committed 77696K, reserved 1179648K
  class space    used 10297K, committed 10688K, reserved 1048576K
}
Event: 29520.502 GC heap before
{Heap before GC invocations=19 (full 0):
 garbage-first heap   total 90112K, used 77605K [0x0000000724e00000, 0x0000000800000000)
  region size 2048K, 22 young (45056K), 2 survivors (4096K)
 Metaspace       used 77854K, committed 78656K, reserved 1179648K
  class space    used 10303K, committed 10688K, reserved 1048576K
}
Event: 29520.525 GC heap after
{Heap after GC invocations=20 (full 0):
 garbage-first heap   total 90112K, used 36594K [0x0000000724e00000, 0x0000000800000000)
  region size 2048K, 2 young (4096K), 2 survivors (4096K)
 Metaspace       used 77854K, committed 78656K, reserved 1179648K
  class space    used 10303K, committed 10688K, reserved 1048576K
}
Event: 73059.738 GC heap before
{Heap before GC invocations=20 (full 0):
 garbage-first heap   total 90112K, used 77554K [0x0000000724e00000, 0x0000000800000000)
  region size 2048K, 22 young (45056K), 2 survivors (4096K)
 Metaspace       used 78578K, committed 79424K, reserved 1179648K
  class space    used 10305K, committed 10688K, reserved 1048576K
}
Event: 73059.762 GC heap after
{Heap after GC invocations=21 (full 0):
 garbage-first heap   total 90112K, used 36045K [0x0000000724e00000, 0x0000000800000000)
  region size 2048K, 1 young (2048K), 1 survivors (2048K)
 Metaspace       used 78578K, committed 79424K, reserved 1179648K
  class space    used 10305K, committed 10688K, reserved 1048576K
}
Event: 81884.016 GC heap before
{Heap before GC invocations=21 (full 0):
 garbage-first heap   total 90112K, used 81101K [0x0000000724e00000, 0x0000000800000000)
  region size 2048K, 23 young (47104K), 1 survivors (2048K)
 Metaspace       used 79140K, committed 79936K, reserved 1179648K
  class space    used 10336K, committed 10688K, reserved 1048576K
}
Event: 81884.053 GC heap after
{Heap after GC invocations=22 (full 0):
 garbage-first heap   total 90112K, used 36593K [0x0000000724e00000, 0x0000000800000000)
  region size 2048K, 2 young (4096K), 2 survivors (4096K)
 Metaspace       used 79140K, committed 79936K, reserved 1179648K
  class space    used 10336K, committed 10688K, reserved 1048576K
}

